<?xml version="1.0" encoding="UTF-8"?>
<Site BuildName="(empty)"
	BuildStamp="20260213-0957-Experimental"
	Name="mazebot"
	Generator="ctest-3.28.3"
	CompilerName="/usr/bin/c++"
	CompilerVersion="13.3.0"
	OSName="Linux"
	Hostname="mazebot"
	OSRelease="6.8.0-1047-raspi"
	OSVersion="#51-Ubuntu SMP PREEMPT_DYNAMIC Fri Jan 23 17:31:55 UTC 2026"
	OSPlatform="aarch64"
	Is64Bits="1"
	VendorString=""
	VendorID="Unknown Manufacturer"
	FamilyID="8"
	ModelID="0"
	ProcessorCacheSize="0"
	NumberOfLogicalCPU="4"
	NumberOfPhysicalCPU="1"
	TotalVirtualMemory="0"
	TotalPhysicalMemory="7852"
	LogicalProcessorsPerPhysical="4"
	ProcessorClockFrequency="0"
	>
	<Testing>
		<StartDateTime>Feb 13 21:11 AEDT</StartDateTime>
		<StartTestTime>1770977490</StartTestTime>
		<TestList/>
		<EndDateTime>Feb 13 21:11 AEDT</EndDateTime>
		<EndTestTime>1770977490</EndTestTime>
		<ElapsedMinutes>0</ElapsedMinutes>
	</Testing>
</Site>
